feature/transfer/build/intermediates/manifest_merge_blame_file/debug/manifest-merger-blame-debug-report.txt
1<?xml version="1.0" encoding="utf-8"?>
2<manifest xmlns:android="http://schemas.android.com/apk/res/android"
3    package="com.app.transfer" >
4
5    <uses-sdk android:minSdkVersion="26" />
6
7    <application>
7-->src/main/AndroidManifest.xml:4:5-13:19
8        <activity
8-->src/main/AndroidManifest.xml:5:9-7:40
9            android:name="com.app.transfer.transfers.transferdetails.TransferDetails"
9-->src/main/AndroidManifest.xml:6:13-70
10            android:exported="false" />
10-->src/main/AndroidManifest.xml:7:13-37
11        <activity
11-->src/main/AndroidManifest.xml:9:9-11:40
12            android:name="com.app.transfer.signatureauth.Signing"
12-->src/main/AndroidManifest.xml:10:13-50
13            android:exported="false" />
13-->src/main/AndroidManifest.xml:11:13-37
14    </application>
15
16</manifest>